
bootstrap: PANIC: illegal value type ...

bootstrap: system execution failed.
Following is the set of recorded exceptions.
NB: The raised panic may have induced completely inconsistent information:

-------------------------------------------------------------------------------
Class / Object      Routine                Nature of exception           Effect
-------------------------------------------------------------------------------
EQA_EVALUATOR       root's creation        illegal value type:          
<0000022F2C0B25E8>                         Eiffel run-time panic.        Bye
-------------------------------------------------------------------------------

bootstrap: dumping core to generate debugging information...

bootstrap: PANIC: illegal value type ...

bootstrap: system execution failed.
Following is the set of recorded exceptions.
NB: The raised panic may have induced completely inconsistent information:

-------------------------------------------------------------------------------
Class / Object      Routine                Nature of exception           Effect
-------------------------------------------------------------------------------
EQA_EVALUATOR       root's creation        illegal value type:          
<000001DB07EFD5E8>                         Eiffel run-time panic.        Bye
-------------------------------------------------------------------------------

bootstrap: dumping core to generate debugging information...

bootstrap: PANIC: illegal value type ...

bootstrap: system execution failed.
Following is the set of recorded exceptions.
NB: The raised panic may have induced completely inconsistent information:

-------------------------------------------------------------------------------
Class / Object      Routine                Nature of exception           Effect
-------------------------------------------------------------------------------
EQA_EVALUATOR       root's creation        illegal value type:          
<00000206D25ED588>                         Eiffel run-time panic.        Bye
-------------------------------------------------------------------------------

bootstrap: dumping core to generate debugging information...
Catcall detected in {ISE_EXCEPTION_MANAGER}.once_raise for arg#1: expected EXCEPTION but got STRING_8
Catcall detected in {ISE_EXCEPTION_MANAGER}.once_raise for arg#1: expected EXCEPTION but got STRING_8
Catcall detected in {ISE_EXCEPTION_MANAGER}.once_raise for arg#1: expected EXCEPTION but got STRING_8
Catcall detected in {ISE_EXCEPTION_MANAGER}.once_raise for arg#1: expected EXCEPTION but got STRING_8
Catcall detected in {ISE_EXCEPTION_MANAGER}.once_raise for arg#1: expected EXCEPTION but got STRING_8
Catcall detected in {ISE_EXCEPTION_MANAGER}.once_raise for arg#1: expected EXCEPTION but got STRING_8
